0 info it worked if it ends with ok
1 verbose cli [ 'C:\\Program Files\\nodejs\\node.exe',
1 verbose cli   'C:\\Program Files\\nodejs\\node_modules\\npm\\bin\\npm-cli.js',
1 verbose cli   'run',
1 verbose cli   'watch' ]
2 info using npm@3.10.10
3 info using node@v6.11.4
4 verbose run-script [ 'prewatch', 'watch', 'postwatch' ]
5 info lifecycle devportfolio-template@1.1.3~prewatch: devportfolio-template@1.1.3
6 silly lifecycle devportfolio-template@1.1.3~prewatch: no script for prewatch, continuing
7 info lifecycle devportfolio-template@1.1.3~watch: devportfolio-template@1.1.3
8 verbose lifecycle devportfolio-template@1.1.3~watch: unsafe-perm in lifecycle true
9 verbose lifecycle devportfolio-template@1.1.3~watch: PATH: C:\Program Files\nodejs\node_modules\npm\bin\node-gyp-bin;C:\projects\devportfolio\node_modules\.bin;C:\Program Files\PHP\v5.3;C:\ProgramData\Oracle\Java\javapath;C:\Python27\;C:\Python27\Scripts;C:\WINDOWS\system32;C:\WINDOWS;C:\WINDOWS\System32\Wbem;C:\WINDOWS\System32\WindowsPowerShell\v1.0\;C:\Program Files (x86)\Windows Kits\8.1\Windows Performance Toolkit\;C:\Program Files\Microsoft SQL Server\120\Tools\Binn\;C:\Program Files\Microsoft SQL Server\130\Tools\Binn\;C:\Program Files (x86)\Microsoft Emulator Manager\1.0\;C:\Program Files\Git\cmd;C:\Program Files\Microsoft\Web Platform Installer\;C:\Program Files\dotnet\;C:\Program Files\Microsoft SQL Server\120\DTS\Binn\;C:\Program Files\Microsoft SQL Server\Client SDK\ODBC\110\Tools\Binn\;C:\Program Files (x86)\Microsoft SQL Server\120\Tools\Binn\;C:\Program Files (x86)\Microsoft SQL Server\120\Tools\Binn\ManagementStudio\;C:\Program Files (x86)\Microsoft SQL Server\120\DTS\Binn\;C:\Program Files (x86)\Microsoft SQL Server\110\DTS\Binn\;C:\Program Files (x86)\Microsoft SQL Server\130\DTS\Binn\;C:\Program Files\Intel\WiFi\bin\;C:\Program Files\Common Files\;C:\Program Files\nodejs\;C:\Program Files\MiKTeX 2.9\miktex\bin\x64\;C:\Program Files (x86)\Gow\bin;C:\Program Files (x86)\sbt\bin;%SystemRoot%\system32;%SystemRoot%;%SystemRoot%\System32\Wbem;%SYSTEMROOT%\System32\WindowsPowerShell\v1.0\;C:\Users\ronri\AppData\Local\Programs\Python\Python36-32\Scripts\;C:\Users\ronri\AppData\Local\Programs\Python\Python36-32\;C:\Program Files\Intel\WiFi\bin\;C:\Program Files\Common Files\Intel\WirelessCommon\;C:\Program Files (x86)\Microsoft VS Code\bin;C:\Users\ronri\AppData\Local\Microsoft\WindowsApps;C:\Users\ronri\AppData\Local\Yarn\.bin;C:\Users\ronri\AppData\Roaming\npm;C:\Users\ronri\AppData\Local\GitHubDesktop\bin;C:\Users\ronri\AppData\Local\spark\spark-2.2.0-bin-hadoop2.7;;%USERPROFILE%\AppData\Local\Microsoft\WindowsApps
10 verbose lifecycle devportfolio-template@1.1.3~watch: CWD: C:\projects\devportfolio
11 silly lifecycle devportfolio-template@1.1.3~watch: Args: [ '/d /s /c', 'gulp watch' ]
12 silly lifecycle devportfolio-template@1.1.3~watch: Returned: code: 3221225786  signal: null
13 info lifecycle devportfolio-template@1.1.3~watch: Failed to exec watch script
14 verbose stack Error: devportfolio-template@1.1.3 watch: `gulp watch`
14 verbose stack Exit status 3221225786
14 verbose stack     at EventEmitter.<anonymous> (C:\Program Files\nodejs\node_modules\npm\lib\utils\lifecycle.js:255:16)
14 verbose stack     at emitTwo (events.js:106:13)
14 verbose stack     at EventEmitter.emit (events.js:191:7)
14 verbose stack     at ChildProcess.<anonymous> (C:\Program Files\nodejs\node_modules\npm\lib\utils\spawn.js:40:14)
14 verbose stack     at emitTwo (events.js:106:13)
14 verbose stack     at ChildProcess.emit (events.js:191:7)
14 verbose stack     at maybeClose (internal/child_process.js:920:16)
14 verbose stack     at Process.ChildProcess._handle.onexit (internal/child_process.js:230:5)
15 verbose pkgid devportfolio-template@1.1.3
16 verbose cwd C:\projects\devportfolio
17 error Windows_NT 10.0.16299
18 error argv "C:\\Program Files\\nodejs\\node.exe" "C:\\Program Files\\nodejs\\node_modules\\npm\\bin\\npm-cli.js" "run" "watch"
19 error node v6.11.4
20 error npm  v3.10.10
21 error code ELIFECYCLE
22 error devportfolio-template@1.1.3 watch: `gulp watch`
22 error Exit status 3221225786
23 error Failed at the devportfolio-template@1.1.3 watch script 'gulp watch'.
23 error Make sure you have the latest version of node.js and npm installed.
23 error If you do, this is most likely a problem with the devportfolio-template package,
23 error not with npm itself.
23 error Tell the author that this fails on your system:
23 error     gulp watch
23 error You can get information on how to open an issue for this project with:
23 error     npm bugs devportfolio-template
23 error Or if that isn't available, you can get their info via:
23 error     npm owner ls devportfolio-template
23 error There is likely additional logging output above.
24 verbose exit [ 1, true ]
